c:\users\karch\downloads\mytable2\mytable1\mytable1\debug\vc142.pdb
c:\users\karch\downloads\mytable2\mytable1\mytable1\debug\vc142.idb
c:\users\karch\downloads\mytable2\mytable1\mytable1\debug\ttabrecord.obj
c:\users\karch\downloads\mytable2\mytable1\mytable1\debug\ttable.obj
c:\users\karch\downloads\mytable2\mytable1\mytable1\debug\treetable.obj
c:\users\karch\downloads\mytable2\mytable1\mytable1\debug\thashtable.obj
c:\users\karch\downloads\mytable2\mytable1\mytable1\debug\tarraytable.obj
c:\users\karch\downloads\mytable2\mytable1\mytable1\debug\polinom.obj
c:\users\karch\downloads\mytable2\mytable1\mytable1\debug\mytable.obj
c:\users\karch\downloads\mytable2\mytable1\mytable1\debug\monom.obj
c:\users\karch\downloads\mytable2\mytable1\mytable1\debug\arrhash.obj
c:\users\karch\downloads\mytable2\mytable1\debug\mytable1.exe
c:\users\karch\downloads\mytable2\mytable1\debug\mytable1.ilk
c:\users\karch\downloads\mytable2\mytable1\debug\mytable1.pdb
c:\users\karch\downloads\mytable2\mytable1\mytable1\debug\mytable1.tlog\cl.command.1.tlog
c:\users\karch\downloads\mytable2\mytable1\mytable1\debug\mytable1.tlog\cl.read.1.tlog
c:\users\karch\downloads\mytable2\mytable1\mytable1\debug\mytable1.tlog\cl.write.1.tlog
c:\users\karch\downloads\mytable2\mytable1\mytable1\debug\mytable1.tlog\link.command.1.tlog
c:\users\karch\downloads\mytable2\mytable1\mytable1\debug\mytable1.tlog\link.read.1.tlog
c:\users\karch\downloads\mytable2\mytable1\mytable1\debug\mytable1.tlog\link.write.1.tlog
